[EasyDarwin] 2023/05/30 08:59:54 main.go:129: demon pull streams
[doY5uyQVg]2023/05/30 09:08:04 rtsp-session.go:247: EOF
[nM7XuswVg]2023/05/30 09:15:29 rtsp-session.go:349: <<<
ANNOUNCE rtsp://127.0.0.1:554/Sword RTSP/1.0
CSeq: 1
User-Agent: EasyPusher v1.2.16.1105
Content-Type: application/sdp
Content-Length: 585

v=0
o=- 0 0 IN IP4 127.0.0.1
s=EasyDarwin
i=EasyDarwin
c=IN IP4 127.0.0.1
t=0 0
a=x-qt-text-nam:EasyDarwin
a=x-qt-text-inf:EasyDarwin
a=x-qt-text-cmt:source application::EasyDarwin
a=x-qt-text-aut:
a=x-qt-text-cpy:
m=video 0 RTP/AVP 96
a=rtpmap:96 H264/90000
a=fmtp:96 packetization-mode=1;sprop-parameter-sets=,2QAKKy0A8ARPywgAAADACAAAAMD0eMGVA==
a=control:streamid=0
m=audio 0 RTP/AVP 97
a=rtpmap:97 MPEG4-GENERIC/44100/2
a=fmtp:97 profile-level-id=1;profile-level-id=1;mode=AAC-hbr;sizelength=13;indexlength=3;indexdeltalength=3; config=1210
a=control:streamid=1
[nM7XuswVg]2023/05/30 09:15:29 rtsp-session.go:425: audio codec[aac]
[nM7XuswVg]2023/05/30 09:15:29 rtsp-session.go:431: video codec[h264]
[nM7XuswVg]2023/05/30 09:15:29 rtsp-session.go:356: >>>
RTSP/1.0 200 OK
CSeq: 1
Session: nM7XuswVg

[nM7XuswVg]2023/05/30 09:15:29 rtsp-session.go:349: <<<
SETUP rtsp://127.0.0.1:554/Sword/streamid=0 RTSP/1.0
Transport: RTP/AVP/TCP;unicast;mode=record;interleaved=0-1
CSeq: 2
User-Agent: EasyPusher v1.2.16.1105

[nM7XuswVg]2023/05/30 09:15:29 rtsp-session.go:541: Parse SETUP req.TRANSPORT:TCP.Session.Type:0,control:rtsp://127.0.0.1:554/Sword/streamid=0, AControl:streamid=1,VControl:streamid=0
[nM7XuswVg]2023/05/30 09:15:29 rtsp-session.go:356: >>>
RTSP/1.0 200 OK
CSeq: 2
Session: nM7XuswVg
Transport: RTP/AVP/TCP;unicast;mode=record;interleaved=0-1

[nM7XuswVg]2023/05/30 09:15:29 rtsp-session.go:349: <<<
SETUP rtsp://127.0.0.1:554/Sword/streamid=1 RTSP/1.0
Transport: RTP/AVP/TCP;unicast;mode=record;interleaved=2-3
CSeq: 3
User-Agent: EasyPusher v1.2.16.1105
Session: nM7XuswVg

[nM7XuswVg]2023/05/30 09:15:29 rtsp-session.go:541: Parse SETUP req.TRANSPORT:TCP.Session.Type:0,control:rtsp://127.0.0.1:554/Sword/streamid=1, AControl:streamid=1,VControl:streamid=0
[nM7XuswVg]2023/05/30 09:15:29 rtsp-session.go:356: >>>
RTSP/1.0 200 OK
CSeq: 3
Session: nM7XuswVg
Transport: RTP/AVP/TCP;unicast;mode=record;interleaved=2-3

[nM7XuswVg]2023/05/30 09:15:29 rtsp-session.go:349: <<<
RECORD rtsp://127.0.0.1:554/Sword RTSP/1.0
Range: npt=0.000-
CSeq: 4
User-Agent: EasyPusher v1.2.16.1105
Session: nM7XuswVg

[nM7XuswVg]2023/05/30 09:15:29 rtsp-session.go:356: >>>
RTSP/1.0 200 OK
Session: nM7XuswVg
CSeq: 4

[-dcruyw4R]2023/05/30 09:16:09 rtsp-session.go:349: <<<
OPTIONS rtsp://localhost:554/Sword RTSP/1.0
CSeq: 2
User-Agent: LibVLC/3.0.18 (LIVE555 Streaming Media v2016.11.28)

[-dcruyw4R]2023/05/30 09:16:09 rtsp-session.go:356: >>>
RTSP/1.0 200 OK
CSeq: 2
Session: -dcruyw4R
Public: DESCRIBE, SETUP, TEARDOWN, PLAY, PAUSE, OPTIONS, ANNOUNCE, RECORD

[-dcruyw4R]2023/05/30 09:16:09 rtsp-session.go:349: <<<
DESCRIBE rtsp://localhost:554/Sword RTSP/1.0
User-Agent: LibVLC/3.0.18 (LIVE555 Streaming Media v2016.11.28)
Accept: application/sdp
CSeq: 3

[-dcruyw4R]2023/05/30 09:16:09 rtsp-session.go:356: >>>
RTSP/1.0 200 OK
Content-Length: 585
CSeq: 3
Session: -dcruyw4R

v=0
o=- 0 0 IN IP4 127.0.0.1
s=EasyDarwin
i=EasyDarwin
c=IN IP4 127.0.0.1
t=0 0
a=x-qt-text-nam:EasyDarwin
a=x-qt-text-inf:EasyDarwin
a=x-qt-text-cmt:source application::EasyDarwin
a=x-qt-text-aut:
a=x-qt-text-cpy:
m=video 0 RTP/AVP 96
a=rtpmap:96 H264/90000
a=fmtp:96 packetization-mode=1;sprop-parameter-sets=,2QAKKy0A8ARPywgAAADACAAAAMD0eMGVA==
a=control:streamid=0
m=audio 0 RTP/AVP 97
a=rtpmap:97 MPEG4-GENERIC/44100/2
a=fmtp:97 profile-level-id=1;profile-level-id=1;mode=AAC-hbr;sizelength=13;indexlength=3;indexdeltalength=3; config=1210
a=control:streamid=1
[-dcruyw4R]2023/05/30 09:16:09 rtsp-session.go:349: <<<
SETUP rtsp://localhost:554/Sword/streamid=0 RTSP/1.0
User-Agent: LibVLC/3.0.18 (LIVE555 Streaming Media v2016.11.28)
Transport: RTP/AVP;unicast;client_port=58702-58703
CSeq: 4

[-dcruyw4R]2023/05/30 09:16:09 rtsp-session.go:556: Parse SETUP req.TRANSPORT:UDP.Session.Type:1,control:rtsp://localhost:554/Sword/streamid=0, AControl:streamid=1,VControl:streamid=0
[-dcruyw4R]2023/05/30 09:16:09 rtsp-session.go:356: >>>
RTSP/1.0 200 OK
CSeq: 4
Session: -dcruyw4R
Transport: RTP/AVP;unicast;client_port=58702-58703

[-dcruyw4R]2023/05/30 09:16:09 rtsp-session.go:349: <<<
SETUP rtsp://localhost:554/Sword/streamid=1 RTSP/1.0
CSeq: 5
User-Agent: LibVLC/3.0.18 (LIVE555 Streaming Media v2016.11.28)
Transport: RTP/AVP;unicast;client_port=58706-58707
Session: -dcruyw4R

[-dcruyw4R]2023/05/30 09:16:09 rtsp-session.go:556: Parse SETUP req.TRANSPORT:UDP.Session.Type:1,control:rtsp://localhost:554/Sword/streamid=1, AControl:streamid=1,VControl:streamid=0
[-dcruyw4R]2023/05/30 09:16:09 rtsp-session.go:356: >>>
RTSP/1.0 200 OK
CSeq: 5
Session: -dcruyw4R
Transport: RTP/AVP;unicast;client_port=58706-58707

[-dcruyw4R]2023/05/30 09:16:09 rtsp-session.go:349: <<<
PLAY rtsp://localhost:554/Sword RTSP/1.0
CSeq: 6
User-Agent: LibVLC/3.0.18 (LIVE555 Streaming Media v2016.11.28)
Session: -dcruyw4R
Range: npt=0.000-

[-dcruyw4R]2023/05/30 09:16:09 rtsp-session.go:356: >>>
RTSP/1.0 200 OK
CSeq: 6
Session: -dcruyw4R
Range: npt=0.000-

[nM7XuswVg]2023/05/30 09:16:09 pusher.go:293: session[player][UDP][/Sword][-dcruyw4R] start, now player size[1]
[nM7XuswVg]2023/05/30 09:16:37 rtsp-session.go:188: session[pusher][TCP][/Sword][nM7XuswVg] EOF
[-dcruyw4R]2023/05/30 09:16:37 rtsp-session.go:188: session[player][UDP][/Sword][-dcruyw4R] read tcp 127.0.0.1:554->127.0.0.1:64087: use of closed network connection
[yxOCXyw4g]2023/05/30 09:16:40 rtsp-session.go:188: session[pusher][TCP][][yxOCXyw4g] EOF
[EasyDarwin] 2023/05/30 09:17:05 main.go:59: http server end
[EasyDarwin] 2023/05/30 09:17:05 main.go:79: rtsp server end
[EasyDarwin] 2023/05/30 09:20:17 main.go:129: demon pull streams
[1-gUryw4g]2023/05/30 09:31:14 rtsp-session.go:349: <<<
ANNOUNCE rtsp://192.168.19.221:554/live.sdp RTSP/1.0
CSeq: 1
User-Agent: EasyPusher v2.0.19.0415
Content-Type: application/sdp
Content-Length: 543

v=0
o=- 0 0 IN IP4 127.0.0.1
s=EasyDarwin
i=EasyDarwin
c=IN IP4 127.0.0.1
t=0 0
a=x-qt-text-nam:EasyDarwin
a=x-qt-text-inf:EasyDarwin
a=x-qt-text-cmt:source application::EasyDarwin
a=x-qt-text-aut: 
a=x-qt-text-cpy: 
m=video 0 RTP/AVP 96
a=rtpmap:96 H264/90000
a=fmtp:96 packetization-mode=1;sprop-parameter-sets=
a=control:streamid=0
m=audio 0 RTP/AVP 97
a=rtpmap:97 MPEG4-GENERIC/8000/1
a=fmtp:97 streamtype=5;profile-level-id=1;mode=AAC-hbr;sizelength=13;indexlength=3;indexdeltalength=3;config=1588
a=control:streamid=1
[1-gUryw4g]2023/05/30 09:31:14 rtsp-session.go:425: audio codec[aac]
[1-gUryw4g]2023/05/30 09:31:14 rtsp-session.go:431: video codec[h264]
[1-gUryw4g]2023/05/30 09:31:14 rtsp-session.go:356: >>>
RTSP/1.0 200 OK
CSeq: 1
Session: 1-gUryw4g

[1-gUryw4g]2023/05/30 09:31:15 rtsp-session.go:349: <<<
SETUP rtsp://192.168.19.221:554/live.sdp/streamid=0 RTSP/1.0
Transport: RTP/AVP/TCP;unicast;mode=record;interleaved=0-1
CSeq: 2
User-Agent: EasyPusher v2.0.19.0415

[1-gUryw4g]2023/05/30 09:31:15 rtsp-session.go:541: Parse SETUP req.TRANSPORT:TCP.Session.Type:0,control:rtsp://192.168.19.221:554/live.sdp/streamid=0, AControl:streamid=1,VControl:streamid=0
[1-gUryw4g]2023/05/30 09:31:15 rtsp-session.go:356: >>>
RTSP/1.0 200 OK
CSeq: 2
Session: 1-gUryw4g
Transport: RTP/AVP/TCP;unicast;mode=record;interleaved=0-1

[1-gUryw4g]2023/05/30 09:31:15 rtsp-session.go:349: <<<
SETUP rtsp://192.168.19.221:554/live.sdp/streamid=1 RTSP/1.0
Transport: RTP/AVP/TCP;unicast;mode=record;interleaved=2-3
CSeq: 3
User-Agent: EasyPusher v2.0.19.0415
Session: 1-gUryw4g

[1-gUryw4g]2023/05/30 09:31:15 rtsp-session.go:541: Parse SETUP req.TRANSPORT:TCP.Session.Type:0,control:rtsp://192.168.19.221:554/live.sdp/streamid=1, AControl:streamid=1,VControl:streamid=0
[1-gUryw4g]2023/05/30 09:31:15 rtsp-session.go:356: >>>
RTSP/1.0 200 OK
CSeq: 3
Session: 1-gUryw4g
Transport: RTP/AVP/TCP;unicast;mode=record;interleaved=2-3

[1-gUryw4g]2023/05/30 09:31:15 rtsp-session.go:349: <<<
RECORD rtsp://192.168.19.221:554/live.sdp RTSP/1.0
Range: npt=0.000-
CSeq: 4
User-Agent: EasyPusher v2.0.19.0415
Session: 1-gUryw4g

[1-gUryw4g]2023/05/30 09:31:15 rtsp-session.go:356: >>>
RTSP/1.0 200 OK
CSeq: 4
Session: 1-gUryw4g

[8XxU9swVR]2023/05/30 09:31:33 rtsp-session.go:349: <<<
OPTIONS rtsp://127.0.0.1:554/live.sdp RTSP/1.0
CSeq: 2
User-Agent: LibVLC/3.0.18 (LIVE555 Streaming Media v2016.11.28)

[8XxU9swVR]2023/05/30 09:31:33 rtsp-session.go:356: >>>
RTSP/1.0 200 OK
CSeq: 2
Session: 8XxU9swVR
Public: DESCRIBE, SETUP, TEARDOWN, PLAY, PAUSE, OPTIONS, ANNOUNCE, RECORD

[8XxU9swVR]2023/05/30 09:31:33 rtsp-session.go:349: <<<
DESCRIBE rtsp://127.0.0.1:554/live.sdp RTSP/1.0
CSeq: 3
User-Agent: LibVLC/3.0.18 (LIVE555 Streaming Media v2016.11.28)
Accept: application/sdp

[8XxU9swVR]2023/05/30 09:31:33 rtsp-session.go:356: >>>
RTSP/1.0 200 OK
CSeq: 3
Session: 8XxU9swVR
Content-Length: 543

v=0
o=- 0 0 IN IP4 127.0.0.1
s=EasyDarwin
i=EasyDarwin
c=IN IP4 127.0.0.1
t=0 0
a=x-qt-text-nam:EasyDarwin
a=x-qt-text-inf:EasyDarwin
a=x-qt-text-cmt:source application::EasyDarwin
a=x-qt-text-aut: 
a=x-qt-text-cpy: 
m=video 0 RTP/AVP 96
a=rtpmap:96 H264/90000
a=fmtp:96 packetization-mode=1;sprop-parameter-sets=
a=control:streamid=0
m=audio 0 RTP/AVP 97
a=rtpmap:97 MPEG4-GENERIC/8000/1
a=fmtp:97 streamtype=5;profile-level-id=1;mode=AAC-hbr;sizelength=13;indexlength=3;indexdeltalength=3;config=1588
a=control:streamid=1
[8XxU9swVR]2023/05/30 09:31:33 rtsp-session.go:349: <<<
SETUP rtsp://127.0.0.1:554/live.sdp/streamid=0 RTSP/1.0
CSeq: 4
User-Agent: LibVLC/3.0.18 (LIVE555 Streaming Media v2016.11.28)
Transport: RTP/AVP;unicast;client_port=57506-57507

[8XxU9swVR]2023/05/30 09:31:33 rtsp-session.go:556: Parse SETUP req.TRANSPORT:UDP.Session.Type:1,control:rtsp://127.0.0.1:554/live.sdp/streamid=0, AControl:streamid=1,VControl:streamid=0
[8XxU9swVR]2023/05/30 09:31:33 rtsp-session.go:356: >>>
RTSP/1.0 200 OK
CSeq: 4
Session: 8XxU9swVR
Transport: RTP/AVP;unicast;client_port=57506-57507

[8XxU9swVR]2023/05/30 09:31:33 rtsp-session.go:349: <<<
SETUP rtsp://127.0.0.1:554/live.sdp/streamid=1 RTSP/1.0
User-Agent: LibVLC/3.0.18 (LIVE555 Streaming Media v2016.11.28)
Transport: RTP/AVP;unicast;client_port=57510-57511
Session: 8XxU9swVR
CSeq: 5

[8XxU9swVR]2023/05/30 09:31:33 rtsp-session.go:556: Parse SETUP req.TRANSPORT:UDP.Session.Type:1,control:rtsp://127.0.0.1:554/live.sdp/streamid=1, AControl:streamid=1,VControl:streamid=0
[8XxU9swVR]2023/05/30 09:31:33 rtsp-session.go:356: >>>
RTSP/1.0 200 OK
CSeq: 5
Session: 8XxU9swVR
Transport: RTP/AVP;unicast;client_port=57510-57511

[8XxU9swVR]2023/05/30 09:31:33 rtsp-session.go:349: <<<
PLAY rtsp://127.0.0.1:554/live.sdp RTSP/1.0
CSeq: 6
User-Agent: LibVLC/3.0.18 (LIVE555 Streaming Media v2016.11.28)
Session: 8XxU9swVR
Range: npt=0.000-

[8XxU9swVR]2023/05/30 09:31:33 rtsp-session.go:356: >>>
RTSP/1.0 200 OK
Session: 8XxU9swVR
Range: npt=0.000-
CSeq: 6

[1-gUryw4g]2023/05/30 09:31:33 pusher.go:293: session[player][UDP][/live.sdp][8XxU9swVR] start, now player size[1]
[1-gUryw4g]2023/05/30 09:32:18 rtsp-session.go:188: session[pusher][TCP][/live.sdp][1-gUryw4g] EOF
[8XxU9swVR]2023/05/30 09:32:18 rtsp-session.go:188: session[player][UDP][/live.sdp][8XxU9swVR] read tcp 127.0.0.1:554->127.0.0.1:53816: use of closed network connection
[EpW_ryw4R]2023/05/30 09:32:23 rtsp-session.go:188: session[pusher][TCP][][EpW_ryw4R] EOF
[EasyDarwin] 2023/05/30 09:32:27 main.go:59: http server end
[EasyDarwin] 2023/05/30 09:32:27 main.go:79: rtsp server end
