[EasyDarwin] 2023/06/13 19:17:18 main.go:129: demon pull streams
[7KcXe9l4g]2023/06/13 19:17:24 rtsp-session.go:349: <<<
ANNOUNCE rtsp://192.168.1.7:554/live.sdp RTSP/1.0
CSeq: 1
User-Agent: EasyPusher v2.0.19.0415
Content-Type: application/sdp
Content-Length: 543

v=0
o=- 0 0 IN IP4 127.0.0.1
s=EasyDarwin
i=EasyDarwin
c=IN IP4 127.0.0.1
t=0 0
a=x-qt-text-nam:EasyDarwin
a=x-qt-text-inf:EasyDarwin
a=x-qt-text-cmt:source application::EasyDarwin
a=x-qt-text-aut: 
a=x-qt-text-cpy: 
m=video 0 RTP/AVP 96
a=rtpmap:96 H264/90000
a=fmtp:96 packetization-mode=1;sprop-parameter-sets=
a=control:streamid=0
m=audio 0 RTP/AVP 97
a=rtpmap:97 MPEG4-GENERIC/8000/1
a=fmtp:97 streamtype=5;profile-level-id=1;mode=AAC-hbr;sizelength=13;indexlength=3;indexdeltalength=3;config=1588
a=control:streamid=1
[7KcXe9l4g]2023/06/13 19:17:24 rtsp-session.go:425: audio codec[aac]
[7KcXe9l4g]2023/06/13 19:17:24 rtsp-session.go:431: video codec[h264]
[7KcXe9l4g]2023/06/13 19:17:24 rtsp-session.go:356: >>>
RTSP/1.0 200 OK
CSeq: 1
Session: 7KcXe9l4g

[7KcXe9l4g]2023/06/13 19:17:24 rtsp-session.go:349: <<<
SETUP rtsp://192.168.1.7:554/live.sdp/streamid=0 RTSP/1.0
CSeq: 2
User-Agent: EasyPusher v2.0.19.0415
Transport: RTP/AVP/TCP;unicast;mode=record;interleaved=0-1

[7KcXe9l4g]2023/06/13 19:17:24 rtsp-session.go:541: Parse SETUP req.TRANSPORT:TCP.Session.Type:0,control:rtsp://192.168.1.7:554/live.sdp/streamid=0, AControl:streamid=1,VControl:streamid=0
[7KcXe9l4g]2023/06/13 19:17:24 rtsp-session.go:356: >>>
RTSP/1.0 200 OK
CSeq: 2
Session: 7KcXe9l4g
Transport: RTP/AVP/TCP;unicast;mode=record;interleaved=0-1

[7KcXe9l4g]2023/06/13 19:17:24 rtsp-session.go:349: <<<
SETUP rtsp://192.168.1.7:554/live.sdp/streamid=1 RTSP/1.0
Transport: RTP/AVP/TCP;unicast;mode=record;interleaved=2-3
CSeq: 3
User-Agent: EasyPusher v2.0.19.0415
Session: 7KcXe9l4g

[7KcXe9l4g]2023/06/13 19:17:24 rtsp-session.go:541: Parse SETUP req.TRANSPORT:TCP.Session.Type:0,control:rtsp://192.168.1.7:554/live.sdp/streamid=1, AControl:streamid=1,VControl:streamid=0
[7KcXe9l4g]2023/06/13 19:17:24 rtsp-session.go:356: >>>
RTSP/1.0 200 OK
CSeq: 3
Session: 7KcXe9l4g
Transport: RTP/AVP/TCP;unicast;mode=record;interleaved=2-3

[7KcXe9l4g]2023/06/13 19:17:24 rtsp-session.go:349: <<<
RECORD rtsp://192.168.1.7:554/live.sdp RTSP/1.0
Session: 7KcXe9l4g
Range: npt=0.000-
CSeq: 4
User-Agent: EasyPusher v2.0.19.0415

[7KcXe9l4g]2023/06/13 19:17:24 rtsp-session.go:356: >>>
RTSP/1.0 200 OK
CSeq: 4
Session: 7KcXe9l4g

[Fq99e9l4R]2023/06/13 19:18:14 rtsp-session.go:349: <<<
OPTIONS rtsp://127.0.0.1:554/live.sdp RTSP/1.0
User-Agent: Lavf58.76.100
CSeq: 1

[Fq99e9l4R]2023/06/13 19:18:14 rtsp-session.go:356: >>>
RTSP/1.0 200 OK
Public: DESCRIBE, SETUP, TEARDOWN, PLAY, PAUSE, OPTIONS, ANNOUNCE, RECORD
CSeq: 1
Session: Fq99e9l4R

[Fq99e9l4R]2023/06/13 19:18:14 rtsp-session.go:349: <<<
DESCRIBE rtsp://127.0.0.1:554/live.sdp RTSP/1.0
Accept: application/sdp
CSeq: 2
User-Agent: Lavf58.76.100
Session: Fq99e9l4R

[Fq99e9l4R]2023/06/13 19:18:14 rtsp-session.go:356: >>>
RTSP/1.0 200 OK
CSeq: 2
Session: Fq99e9l4R
Content-Length: 543

v=0
o=- 0 0 IN IP4 127.0.0.1
s=EasyDarwin
i=EasyDarwin
c=IN IP4 127.0.0.1
t=0 0
a=x-qt-text-nam:EasyDarwin
a=x-qt-text-inf:EasyDarwin
a=x-qt-text-cmt:source application::EasyDarwin
a=x-qt-text-aut: 
a=x-qt-text-cpy: 
m=video 0 RTP/AVP 96
a=rtpmap:96 H264/90000
a=fmtp:96 packetization-mode=1;sprop-parameter-sets=
a=control:streamid=0
m=audio 0 RTP/AVP 97
a=rtpmap:97 MPEG4-GENERIC/8000/1
a=fmtp:97 streamtype=5;profile-level-id=1;mode=AAC-hbr;sizelength=13;indexlength=3;indexdeltalength=3;config=1588
a=control:streamid=1
[Fq99e9l4R]2023/06/13 19:18:14 rtsp-session.go:349: <<<
SETUP rtsp://127.0.0.1:554/live.sdp/streamid=0 RTSP/1.0
Transport: RTP/AVP/TCP;unicast;interleaved=0-1
CSeq: 3
User-Agent: Lavf58.76.100
Session: Fq99e9l4R

[Fq99e9l4R]2023/06/13 19:18:14 rtsp-session.go:541: Parse SETUP req.TRANSPORT:TCP.Session.Type:1,control:rtsp://127.0.0.1:554/live.sdp/streamid=0, AControl:streamid=1,VControl:streamid=0
[Fq99e9l4R]2023/06/13 19:18:14 rtsp-session.go:356: >>>
RTSP/1.0 200 OK
CSeq: 3
Session: Fq99e9l4R
Transport: RTP/AVP/TCP;unicast;interleaved=0-1

[Fq99e9l4R]2023/06/13 19:18:14 rtsp-session.go:349: <<<
SETUP rtsp://127.0.0.1:554/live.sdp/streamid=1 RTSP/1.0
Transport: RTP/AVP/TCP;unicast;interleaved=2-3
CSeq: 4
User-Agent: Lavf58.76.100
Session: Fq99e9l4R

[Fq99e9l4R]2023/06/13 19:18:14 rtsp-session.go:541: Parse SETUP req.TRANSPORT:TCP.Session.Type:1,control:rtsp://127.0.0.1:554/live.sdp/streamid=1, AControl:streamid=1,VControl:streamid=0
[Fq99e9l4R]2023/06/13 19:18:14 rtsp-session.go:356: >>>
RTSP/1.0 200 OK
CSeq: 4
Session: Fq99e9l4R
Transport: RTP/AVP/TCP;unicast;interleaved=2-3

[Fq99e9l4R]2023/06/13 19:18:14 rtsp-session.go:349: <<<
PLAY rtsp://127.0.0.1:554/live.sdp RTSP/1.0
Range: npt=0.000-
CSeq: 5
User-Agent: Lavf58.76.100
Session: Fq99e9l4R

[Fq99e9l4R]2023/06/13 19:18:14 rtsp-session.go:356: >>>
RTSP/1.0 200 OK
CSeq: 5
Session: Fq99e9l4R
Range: npt=0.000-

[7KcXe9l4g]2023/06/13 19:18:14 pusher.go:293: session[player][TCP][/live.sdp][Fq99e9l4R] start, now player size[1]
[Fq99e9l4R]2023/06/13 19:18:44 rtsp-session.go:349: <<<
OPTIONS rtsp://127.0.0.1:554/live.sdp RTSP/1.0
CSeq: 6
User-Agent: Lavf58.76.100
Session: Fq99e9l4R

[Fq99e9l4R]2023/06/13 19:18:44 rtsp-session.go:356: >>>
RTSP/1.0 200 OK
CSeq: 6
Session: Fq99e9l4R
Public: DESCRIBE, SETUP, TEARDOWN, PLAY, PAUSE, OPTIONS, ANNOUNCE, RECORD

[Fq99e9l4R]2023/06/13 19:19:14 rtsp-session.go:349: <<<
OPTIONS rtsp://127.0.0.1:554/live.sdp RTSP/1.0
CSeq: 7
User-Agent: Lavf58.76.100
Session: Fq99e9l4R

[Fq99e9l4R]2023/06/13 19:19:14 rtsp-session.go:356: >>>
RTSP/1.0 200 OK
CSeq: 7
Session: Fq99e9l4R
Public: DESCRIBE, SETUP, TEARDOWN, PLAY, PAUSE, OPTIONS, ANNOUNCE, RECORD

[7KcXe9l4g]2023/06/13 19:19:29 rtsp-session.go:188: session[pusher][TCP][/live.sdp][7KcXe9l4g] EOF
[Fq99e9l4R]2023/06/13 19:19:29 rtsp-session.go:188: session[player][TCP][/live.sdp][Fq99e9l4R] read tcp 127.0.0.1:554->127.0.0.1:60193: use of closed network connection
[EasyDarwin] 2023/06/13 19:19:45 main.go:59: http server end
[EasyDarwin] 2023/06/13 19:19:45 main.go:79: rtsp server end
