[EasyDarwin] 2023/06/14 16:34:24 main.go:129: demon pull streams
[sxk6Nel4R]2023/06/14 16:35:11 rtsp-session.go:349: <<<
ANNOUNCE rtsp://192.168.16.221:554/live.sdp RTSP/1.0
CSeq: 1
User-Agent: EasyPusher v2.0.19.0415
Content-Type: application/sdp
Content-Length: 543

v=0
o=- 0 0 IN IP4 127.0.0.1
s=EasyDarwin
i=EasyDarwin
c=IN IP4 127.0.0.1
t=0 0
a=x-qt-text-nam:EasyDarwin
a=x-qt-text-inf:EasyDarwin
a=x-qt-text-cmt:source application::EasyDarwin
a=x-qt-text-aut: 
a=x-qt-text-cpy: 
m=video 0 RTP/AVP 96
a=rtpmap:96 H264/90000
a=fmtp:96 packetization-mode=1;sprop-parameter-sets=
a=control:streamid=0
m=audio 0 RTP/AVP 97
a=rtpmap:97 MPEG4-GENERIC/8000/1
a=fmtp:97 streamtype=5;profile-level-id=1;mode=AAC-hbr;sizelength=13;indexlength=3;indexdeltalength=3;config=1588
a=control:streamid=1
[sxk6Nel4R]2023/06/14 16:35:11 rtsp-session.go:425: audio codec[aac]
[sxk6Nel4R]2023/06/14 16:35:11 rtsp-session.go:431: video codec[h264]
[sxk6Nel4R]2023/06/14 16:35:11 rtsp-session.go:356: >>>
RTSP/1.0 200 OK
CSeq: 1
Session: sxk6Nel4R

[sxk6Nel4R]2023/06/14 16:35:11 rtsp-session.go:349: <<<
SETUP rtsp://192.168.16.221:554/live.sdp/streamid=0 RTSP/1.0
Transport: RTP/AVP/TCP;unicast;mode=record;interleaved=0-1
CSeq: 2
User-Agent: EasyPusher v2.0.19.0415

[sxk6Nel4R]2023/06/14 16:35:11 rtsp-session.go:541: Parse SETUP req.TRANSPORT:TCP.Session.Type:0,control:rtsp://192.168.16.221:554/live.sdp/streamid=0, AControl:streamid=1,VControl:streamid=0
[sxk6Nel4R]2023/06/14 16:35:11 rtsp-session.go:356: >>>
RTSP/1.0 200 OK
CSeq: 2
Session: sxk6Nel4R
Transport: RTP/AVP/TCP;unicast;mode=record;interleaved=0-1

[sxk6Nel4R]2023/06/14 16:35:11 rtsp-session.go:349: <<<
SETUP rtsp://192.168.16.221:554/live.sdp/streamid=1 RTSP/1.0
Transport: RTP/AVP/TCP;unicast;mode=record;interleaved=2-3
CSeq: 3
User-Agent: EasyPusher v2.0.19.0415
Session: sxk6Nel4R

[sxk6Nel4R]2023/06/14 16:35:11 rtsp-session.go:541: Parse SETUP req.TRANSPORT:TCP.Session.Type:0,control:rtsp://192.168.16.221:554/live.sdp/streamid=1, AControl:streamid=1,VControl:streamid=0
[sxk6Nel4R]2023/06/14 16:35:11 rtsp-session.go:356: >>>
RTSP/1.0 200 OK
Transport: RTP/AVP/TCP;unicast;mode=record;interleaved=2-3
CSeq: 3
Session: sxk6Nel4R

[sxk6Nel4R]2023/06/14 16:35:11 rtsp-session.go:349: <<<
RECORD rtsp://192.168.16.221:554/live.sdp RTSP/1.0
Range: npt=0.000-
CSeq: 4
User-Agent: EasyPusher v2.0.19.0415
Session: sxk6Nel4R

[sxk6Nel4R]2023/06/14 16:35:11 rtsp-session.go:356: >>>
RTSP/1.0 200 OK
Session: sxk6Nel4R
CSeq: 4

[sxk6Nel4R]2023/06/14 16:38:52 rtsp-session.go:188: session[pusher][TCP][/live.sdp][sxk6Nel4R] EOF
[S1I4DelVg]2023/06/14 16:39:06 rtsp-session.go:349: <<<
ANNOUNCE rtsp://192.168.16.221:554/live.sdp RTSP/1.0
CSeq: 1
User-Agent: EasyPusher v2.0.19.0415
Content-Type: application/sdp
Content-Length: 543

v=0
o=- 0 0 IN IP4 127.0.0.1
s=EasyDarwin
i=EasyDarwin
c=IN IP4 127.0.0.1
t=0 0
a=x-qt-text-nam:EasyDarwin
a=x-qt-text-inf:EasyDarwin
a=x-qt-text-cmt:source application::EasyDarwin
a=x-qt-text-aut: 
a=x-qt-text-cpy: 
m=video 0 RTP/AVP 96
a=rtpmap:96 H264/90000
a=fmtp:96 packetization-mode=1;sprop-parameter-sets=
a=control:streamid=0
m=audio 0 RTP/AVP 97
a=rtpmap:97 MPEG4-GENERIC/8000/1
a=fmtp:97 streamtype=5;profile-level-id=1;mode=AAC-hbr;sizelength=13;indexlength=3;indexdeltalength=3;config=1588
a=control:streamid=1
[S1I4DelVg]2023/06/14 16:39:06 rtsp-session.go:425: audio codec[aac]
[S1I4DelVg]2023/06/14 16:39:06 rtsp-session.go:431: video codec[h264]
[S1I4DelVg]2023/06/14 16:39:06 rtsp-session.go:356: >>>
RTSP/1.0 200 OK
CSeq: 1
Session: S1I4DelVg

[S1I4DelVg]2023/06/14 16:39:06 rtsp-session.go:349: <<<
SETUP rtsp://192.168.16.221:554/live.sdp/streamid=0 RTSP/1.0
Transport: RTP/AVP/TCP;unicast;mode=record;interleaved=0-1
CSeq: 2
User-Agent: EasyPusher v2.0.19.0415

[S1I4DelVg]2023/06/14 16:39:06 rtsp-session.go:541: Parse SETUP req.TRANSPORT:TCP.Session.Type:0,control:rtsp://192.168.16.221:554/live.sdp/streamid=0, AControl:streamid=1,VControl:streamid=0
[S1I4DelVg]2023/06/14 16:39:06 rtsp-session.go:356: >>>
RTSP/1.0 200 OK
CSeq: 2
Session: S1I4DelVg
Transport: RTP/AVP/TCP;unicast;mode=record;interleaved=0-1

[S1I4DelVg]2023/06/14 16:39:06 rtsp-session.go:349: <<<
SETUP rtsp://192.168.16.221:554/live.sdp/streamid=1 RTSP/1.0
Session: S1I4DelVg
Transport: RTP/AVP/TCP;unicast;mode=record;interleaved=2-3
CSeq: 3
User-Agent: EasyPusher v2.0.19.0415

[S1I4DelVg]2023/06/14 16:39:06 rtsp-session.go:541: Parse SETUP req.TRANSPORT:TCP.Session.Type:0,control:rtsp://192.168.16.221:554/live.sdp/streamid=1, AControl:streamid=1,VControl:streamid=0
[S1I4DelVg]2023/06/14 16:39:06 rtsp-session.go:356: >>>
RTSP/1.0 200 OK
CSeq: 3
Session: S1I4DelVg
Transport: RTP/AVP/TCP;unicast;mode=record;interleaved=2-3

[S1I4DelVg]2023/06/14 16:39:06 rtsp-session.go:349: <<<
RECORD rtsp://192.168.16.221:554/live.sdp RTSP/1.0
Range: npt=0.000-
CSeq: 4
User-Agent: EasyPusher v2.0.19.0415
Session: S1I4DelVg

[S1I4DelVg]2023/06/14 16:39:06 rtsp-session.go:356: >>>
RTSP/1.0 200 OK
CSeq: 4
Session: S1I4DelVg

[S1I4DelVg]2023/06/14 16:39:15 rtsp-session.go:188: session[pusher][TCP][/live.sdp][S1I4DelVg] EOF
[oe04D6lVR]2023/06/14 16:39:16 rtsp-session.go:349: <<<
ANNOUNCE rtsp://192.168.16.221:554/live.sdp RTSP/1.0
Content-Length: 543
CSeq: 1
User-Agent: EasyPusher v2.0.19.0415
Content-Type: application/sdp

v=0
o=- 0 0 IN IP4 127.0.0.1
s=EasyDarwin
i=EasyDarwin
c=IN IP4 127.0.0.1
t=0 0
a=x-qt-text-nam:EasyDarwin
a=x-qt-text-inf:EasyDarwin
a=x-qt-text-cmt:source application::EasyDarwin
a=x-qt-text-aut: 
a=x-qt-text-cpy: 
m=video 0 RTP/AVP 96
a=rtpmap:96 H264/90000
a=fmtp:96 packetization-mode=1;sprop-parameter-sets=
a=control:streamid=0
m=audio 0 RTP/AVP 97
a=rtpmap:97 MPEG4-GENERIC/8000/1
a=fmtp:97 streamtype=5;profile-level-id=1;mode=AAC-hbr;sizelength=13;indexlength=3;indexdeltalength=3;config=1588
a=control:streamid=1
[oe04D6lVR]2023/06/14 16:39:16 rtsp-session.go:425: audio codec[aac]
[oe04D6lVR]2023/06/14 16:39:16 rtsp-session.go:431: video codec[h264]
[oe04D6lVR]2023/06/14 16:39:16 rtsp-session.go:356: >>>
RTSP/1.0 200 OK
Session: oe04D6lVR
CSeq: 1

[oe04D6lVR]2023/06/14 16:39:16 rtsp-session.go:349: <<<
SETUP rtsp://192.168.16.221:554/live.sdp/streamid=0 RTSP/1.0
Transport: RTP/AVP/TCP;unicast;mode=record;interleaved=0-1
CSeq: 2
User-Agent: EasyPusher v2.0.19.0415

[oe04D6lVR]2023/06/14 16:39:16 rtsp-session.go:541: Parse SETUP req.TRANSPORT:TCP.Session.Type:0,control:rtsp://192.168.16.221:554/live.sdp/streamid=0, AControl:streamid=1,VControl:streamid=0
[oe04D6lVR]2023/06/14 16:39:16 rtsp-session.go:356: >>>
RTSP/1.0 200 OK
CSeq: 2
Session: oe04D6lVR
Transport: RTP/AVP/TCP;unicast;mode=record;interleaved=0-1

[oe04D6lVR]2023/06/14 16:39:16 rtsp-session.go:349: <<<
SETUP rtsp://192.168.16.221:554/live.sdp/streamid=1 RTSP/1.0
Transport: RTP/AVP/TCP;unicast;mode=record;interleaved=2-3
CSeq: 3
User-Agent: EasyPusher v2.0.19.0415
Session: oe04D6lVR

[oe04D6lVR]2023/06/14 16:39:16 rtsp-session.go:541: Parse SETUP req.TRANSPORT:TCP.Session.Type:0,control:rtsp://192.168.16.221:554/live.sdp/streamid=1, AControl:streamid=1,VControl:streamid=0
[oe04D6lVR]2023/06/14 16:39:16 rtsp-session.go:356: >>>
RTSP/1.0 200 OK
CSeq: 3
Session: oe04D6lVR
Transport: RTP/AVP/TCP;unicast;mode=record;interleaved=2-3

[oe04D6lVR]2023/06/14 16:39:16 rtsp-session.go:349: <<<
RECORD rtsp://192.168.16.221:554/live.sdp RTSP/1.0
User-Agent: EasyPusher v2.0.19.0415
Session: oe04D6lVR
Range: npt=0.000-
CSeq: 4

[oe04D6lVR]2023/06/14 16:39:16 rtsp-session.go:356: >>>
RTSP/1.0 200 OK
CSeq: 4
Session: oe04D6lVR

[oe04D6lVR]2023/06/14 16:39:22 rtsp-session.go:188: session[pusher][TCP][/live.sdp][oe04D6lVR] EOF
[09_dve_VR]2023/06/14 16:41:37 rtsp-session.go:349: <<<
ANNOUNCE rtsp://192.168.16.221:554/live.sdp RTSP/1.0
CSeq: 1
User-Agent: EasyPusher v2.0.19.0415
Content-Type: application/sdp
Content-Length: 543

v=0
o=- 0 0 IN IP4 127.0.0.1
s=EasyDarwin
i=EasyDarwin
c=IN IP4 127.0.0.1
t=0 0
a=x-qt-text-nam:EasyDarwin
a=x-qt-text-inf:EasyDarwin
a=x-qt-text-cmt:source application::EasyDarwin
a=x-qt-text-aut: 
a=x-qt-text-cpy: 
m=video 0 RTP/AVP 96
a=rtpmap:96 H264/90000
a=fmtp:96 packetization-mode=1;sprop-parameter-sets=
a=control:streamid=0
m=audio 0 RTP/AVP 97
a=rtpmap:97 MPEG4-GENERIC/8000/1
a=fmtp:97 streamtype=5;profile-level-id=1;mode=AAC-hbr;sizelength=13;indexlength=3;indexdeltalength=3;config=1588
a=control:streamid=1
[09_dve_VR]2023/06/14 16:41:37 rtsp-session.go:425: audio codec[aac]
[09_dve_VR]2023/06/14 16:41:37 rtsp-session.go:431: video codec[h264]
[09_dve_VR]2023/06/14 16:41:37 rtsp-session.go:356: >>>
RTSP/1.0 200 OK
CSeq: 1
Session: 09_dve_VR

[09_dve_VR]2023/06/14 16:41:37 rtsp-session.go:349: <<<
SETUP rtsp://192.168.16.221:554/live.sdp/streamid=0 RTSP/1.0
Transport: RTP/AVP/TCP;unicast;mode=record;interleaved=0-1
CSeq: 2
User-Agent: EasyPusher v2.0.19.0415

[09_dve_VR]2023/06/14 16:41:37 rtsp-session.go:541: Parse SETUP req.TRANSPORT:TCP.Session.Type:0,control:rtsp://192.168.16.221:554/live.sdp/streamid=0, AControl:streamid=1,VControl:streamid=0
[09_dve_VR]2023/06/14 16:41:37 rtsp-session.go:356: >>>
RTSP/1.0 200 OK
CSeq: 2
Session: 09_dve_VR
Transport: RTP/AVP/TCP;unicast;mode=record;interleaved=0-1

[09_dve_VR]2023/06/14 16:41:37 rtsp-session.go:349: <<<
SETUP rtsp://192.168.16.221:554/live.sdp/streamid=1 RTSP/1.0
Transport: RTP/AVP/TCP;unicast;mode=record;interleaved=2-3
CSeq: 3
User-Agent: EasyPusher v2.0.19.0415
Session: 09_dve_VR

[09_dve_VR]2023/06/14 16:41:37 rtsp-session.go:541: Parse SETUP req.TRANSPORT:TCP.Session.Type:0,control:rtsp://192.168.16.221:554/live.sdp/streamid=1, AControl:streamid=1,VControl:streamid=0
[09_dve_VR]2023/06/14 16:41:37 rtsp-session.go:356: >>>
RTSP/1.0 200 OK
CSeq: 3
Session: 09_dve_VR
Transport: RTP/AVP/TCP;unicast;mode=record;interleaved=2-3

[09_dve_VR]2023/06/14 16:41:37 rtsp-session.go:349: <<<
RECORD rtsp://192.168.16.221:554/live.sdp RTSP/1.0
Range: npt=0.000-
CSeq: 4
User-Agent: EasyPusher v2.0.19.0415
Session: 09_dve_VR

[09_dve_VR]2023/06/14 16:41:37 rtsp-session.go:356: >>>
RTSP/1.0 200 OK
CSeq: 4
Session: 09_dve_VR

[09_dve_VR]2023/06/14 16:41:52 rtsp-session.go:188: session[pusher][TCP][/live.sdp][09_dve_VR] EOF
[iRA2v6lVR]2023/06/14 16:43:37 rtsp-session.go:349: <<<
ANNOUNCE rtsp://192.168.16.221:554/live.sdp RTSP/1.0
CSeq: 1
User-Agent: EasyPusher v2.0.19.0415
Content-Type: application/sdp
Content-Length: 543

v=0
o=- 0 0 IN IP4 127.0.0.1
s=EasyDarwin
i=EasyDarwin
c=IN IP4 127.0.0.1
t=0 0
a=x-qt-text-nam:EasyDarwin
a=x-qt-text-inf:EasyDarwin
a=x-qt-text-cmt:source application::EasyDarwin
a=x-qt-text-aut: 
a=x-qt-text-cpy: 
m=video 0 RTP/AVP 96
a=rtpmap:96 H264/90000
a=fmtp:96 packetization-mode=1;sprop-parameter-sets=
a=control:streamid=0
m=audio 0 RTP/AVP 97
a=rtpmap:97 MPEG4-GENERIC/8000/1
a=fmtp:97 streamtype=5;profile-level-id=1;mode=AAC-hbr;sizelength=13;indexlength=3;indexdeltalength=3;config=1588
a=control:streamid=1
[iRA2v6lVR]2023/06/14 16:43:37 rtsp-session.go:425: audio codec[aac]
[iRA2v6lVR]2023/06/14 16:43:37 rtsp-session.go:431: video codec[h264]
[iRA2v6lVR]2023/06/14 16:43:37 rtsp-session.go:356: >>>
RTSP/1.0 200 OK
CSeq: 1
Session: iRA2v6lVR

[iRA2v6lVR]2023/06/14 16:43:37 rtsp-session.go:349: <<<
SETUP rtsp://192.168.16.221:554/live.sdp/streamid=0 RTSP/1.0
User-Agent: EasyPusher v2.0.19.0415
Transport: RTP/AVP/TCP;unicast;mode=record;interleaved=0-1
CSeq: 2

[iRA2v6lVR]2023/06/14 16:43:37 rtsp-session.go:541: Parse SETUP req.TRANSPORT:TCP.Session.Type:0,control:rtsp://192.168.16.221:554/live.sdp/streamid=0, AControl:streamid=1,VControl:streamid=0
[iRA2v6lVR]2023/06/14 16:43:37 rtsp-session.go:356: >>>
RTSP/1.0 200 OK
Transport: RTP/AVP/TCP;unicast;mode=record;interleaved=0-1
CSeq: 2
Session: iRA2v6lVR

[iRA2v6lVR]2023/06/14 16:43:37 rtsp-session.go:349: <<<
SETUP rtsp://192.168.16.221:554/live.sdp/streamid=1 RTSP/1.0
Transport: RTP/AVP/TCP;unicast;mode=record;interleaved=2-3
CSeq: 3
User-Agent: EasyPusher v2.0.19.0415
Session: iRA2v6lVR

[iRA2v6lVR]2023/06/14 16:43:37 rtsp-session.go:541: Parse SETUP req.TRANSPORT:TCP.Session.Type:0,control:rtsp://192.168.16.221:554/live.sdp/streamid=1, AControl:streamid=1,VControl:streamid=0
[iRA2v6lVR]2023/06/14 16:43:37 rtsp-session.go:356: >>>
RTSP/1.0 200 OK
CSeq: 3
Session: iRA2v6lVR
Transport: RTP/AVP/TCP;unicast;mode=record;interleaved=2-3

[iRA2v6lVR]2023/06/14 16:43:37 rtsp-session.go:349: <<<
RECORD rtsp://192.168.16.221:554/live.sdp RTSP/1.0
Range: npt=0.000-
CSeq: 4
User-Agent: EasyPusher v2.0.19.0415
Session: iRA2v6lVR

[iRA2v6lVR]2023/06/14 16:43:37 rtsp-session.go:356: >>>
RTSP/1.0 200 OK
CSeq: 4
Session: iRA2v6lVR

[iRA2v6lVR]2023/06/14 16:43:49 rtsp-session.go:188: session[pusher][TCP][/live.sdp][iRA2v6lVR] EOF
[EasyDarwin] 2023/06/14 17:25:35 main.go:59: http server end
